<?xml version="1.0" encoding="UTF-8"?>
<!-- Generated by org.testng.reporters.JUnitXMLReporter -->
<testsuite hostname="DESKTOP-FB27E98" name="Test" tests="6" failures="0" timestamp="2 Jan 2019 03:05:18 GMT" time="0.049" errors="0">
  <testcase name="Aadd" time="0.013" classname="test01.SizeyunsuanTest"/>
  <testcase name="Aadd" time="0.002" classname="test01.SizeyunsuanTest"/>
  <testcase name="Aadd" time="0.001" classname="test01.SizeyunsuanTest"/>
  <testcase name="Bsub" time="0.0" classname="test01.SizeyunsuanTest">
    <skipped/>
  </testcase> <!-- Bsub -->
  <testcase name="Cmul" time="0.0" classname="test01.SizeyunsuanTest">
    <skipped/>
  </testcase> <!-- Cmul -->
  <testcase name="Ddiv" time="0.0" classname="test01.SizeyunsuanTest">
    <skipped/>
  </testcase> <!-- Ddiv -->
</testsuite> <!-- Test -->
